<?xml version="1.0" encoding="UTF-8"?>
<!-- Generated by org.testng.reporters.JUnitReportReporter -->
<testsuite hostname="LAPTOP-I9E6F5DM" failures="0" tests="1" name="testCases.RegisterTest" time="9.146" errors="0" timestamp="2022-06-14T17:49:55 EDT" skipped="0">
  <testcase classname="testCases.RegisterTest" name="register" time="9.146"/>
  <system-out/>
</testsuite> <!-- testCases.RegisterTest -->
